09:24:56 PM:DEBUG [logger_base.py:15] Mensaje a nivel debug.
09:24:56 PM:INFO [logger_base.py:16] Mensaje a nivel info.
09:24:56 PM:WARNING [logger_base.py:17] Mensaje a nivel warning.
09:24:56 PM:ERROR [logger_base.py:18] Mensaje a nivel error.
09:24:56 PM:CRITICAL [logger_base.py:19] Mensaje a nivel critical.
11:50:59 PM:DEBUG [Persona.py:53] 
            Id Persona: 1,
            Nombre: perezj@gmail.com,
            Apellido: Pérez,
            Email: perezj@gmail.com
        
11:53:41 PM:DEBUG [Persona.py:53] 
            Id Persona: 1,
            Nombre: perezj@gmail.com,
            Apellido: Pérez,
            Email: perezj@gmail.com
        
11:53:41 PM:DEBUG [Persona.py:55] 
            Id Persona: Carlos,
            Nombre: None,
            Apellido: lopezc@gmail.com,
            Email: None
        
11:56:24 PM:DEBUG [Persona.py:53] 
            Id Persona: 1,
            Nombre: perezj@gmail.com,
            Apellido: Pérez,
            Email: perezj@gmail.com
        
11:56:24 PM:DEBUG [Persona.py:55] 
            Id Persona: Carlos,
            Nombre: None,
            Apellido: lopezc@gmail.com,
            Email: None
        
11:57:42 PM:DEBUG [Persona.py:53] 
            Id Persona: 1,
            Nombre: perezj@gmail.com,
            Apellido: Pérez,
            Email: perezj@gmail.com
        
11:57:42 PM:DEBUG [Persona.py:55] 
            Id Persona: None,
            Nombre: lopezc@gmail.com,
            Apellido: López,
            Email: lopezc@gmail.com
        
11:58:40 PM:DEBUG [Persona.py:53] 
            Id Persona: 1,
            Nombre: perezj@gmail.com,
            Apellido: Pérez,
            Email: perezj@gmail.com
        
11:58:40 PM:DEBUG [Persona.py:55] 
            Id Persona: None,
            Nombre: lopezc@gmail.com,
            Apellido: López,
            Email: lopezc@gmail.com
        
11:58:40 PM:DEBUG [Persona.py:57] 
            Id Persona: 1,
            Nombre: None,
            Apellido: None,
            Email: None
        
08:00:04 PM:DEBUG [conexion.py:23] Conexión Exitosa: <connection object at 0x000002AB10D0BCD0; dsn: 'user=postgres password=xxx dbname=test_BD host=127.0.0.1 port=5432', closed: 0>
08:01:59 PM:DEBUG [conexion.py:23] Conexión Exitosa: <connection object at 0x0000026041E6BCD0; dsn: 'user=postgres password=xxx dbname=test_BD host=127.0.0.1 port=5432', closed: 0>
08:01:59 PM:DEBUG [conexion.py:37] Se abrió correctamente el cursor: <cursor object at 0x0000026041EBEC00; closed: 0>
08:09:26 PM:DEBUG [conexion.py:23] Conexión Exitosa: <connection object at 0x00000218A88DBCD0; dsn: 'user=postgres password=xxx dbname=test_BD host=127.0.0.1 port=5432', closed: 0>
08:09:26 PM:DEBUG [conexion.py:37] Se abrió correctamente el cursor: <cursor object at 0x00000218A892EC00; closed: 0>
